<?xml version="1.0" encoding="UTF-8"?>
<testsuite name="JexpimpTests" tests="5" skipped="0" failures="0" errors="0" timestamp="2023-01-25T12:08:32" hostname="TI02" time="0.086">
  <properties/>
  <testcase name="exportJSONTest()" classname="JexpimpTests" time="0.062"/>
  <testcase name="exportNonJSONTest()" classname="JexpimpTests" time="0.002"/>
  <testcase name="exportWhenDuplicatedTest()" classname="JexpimpTests" time="0.003"/>
  <testcase name="exportNestedPathTest()" classname="JexpimpTests" time="0.011"/>
  <testcase name="importTest()" classname="JexpimpTests" time="0.004"/>
  <system-out><![CDATA[]]></system-out>
  <system-err><![CDATA[]]></system-err>
</testsuite>
