<?xml version="1.0" encoding="UTF-8"?>
<testsuite name="JexpimpTests" tests="1" skipped="0" failures="0" errors="0" timestamp="2023-01-25T01:15:02" hostname="archlinux" time="0.083">
  <properties/>
  <testcase name="importTest()" classname="JexpimpTests" time="0.083"/>
  <system-out><![CDATA[]]></system-out>
  <system-err><![CDATA[]]></system-err>
</testsuite>
